Using pre-set license
Built from '2020.3/staging' branch; Version is '2020.3.9f1 (108be757e447) revision 1084391'; Using compiler version '192528614'; Build Type 'Release'
OS: 'Windows 10 Pro; OS build 22000.318; Version 2009; 64bit' Language: 'en' Physical Memory: 16233 MB
BatchMode: 1, IsHumanControllingUs: 0, StartBugReporterOnCrash: 0, Is64bit: 1, IsPro: 0

 COMMAND LINE ARGUMENTS:
F:\Unity\2020.3.9f1\Editor\Unity.exe
-adb2
-batchMode
-noUpm
-name
AssetImportWorker0
-projectPath
C:/Users/ROG/Desktop/JBC/JBC_Project
-logFile
Logs/AssetImportWorker0.log
-srvPort
50575
Successfully changed project path to: C:/Users/ROG/Desktop/JBC/JBC_Project
C:/Users/ROG/Desktop/JBC/JBC_Project
Using Asset Import Pipeline V2.
Refreshing native plugins compatible for Editor in 37.47 ms, found 1 plugins.
Preloading 0 native plugins for Editor in 0.00 ms.
Initialize engine version: 2020.3.9f1 (108be757e447)
[Subsystems] Discovering subsystems at path F:/Unity/2020.3.9f1/Editor/Data/Resources/UnitySubsystems
[Subsystems] Discovering subsystems at path C:/Users/ROG/Desktop/JBC/JBC_Project/Assets
GfxDevice: creating device client; threaded=0
Direct3D:
    Version:  Direct3D 11.0 [level 11.1]
    Renderer: NVIDIA GeForce RTX 2060 (ID=0x1f11)
    Vendor:   
    VRAM:     5980 MB
    Driver:   27.21.14.5763
Initialize mono
Mono path[0] = 'F:/Unity/2020.3.9f1/Editor/Data/Managed'
Mono path[1] = 'F:/Unity/2020.3.9f1/Editor/Data/MonoBleedingEdge/lib/mono/unityjit'
Mono config path = 'F:/Unity/2020.3.9f1/Editor/Data/MonoBleedingEdge/etc'
Using monoOptions --debugger-agent=transport=dt_socket,embedding=1,server=y,suspend=n,address=127.0.0.1:56804
Begin MonoManager ReloadAssembly
Registering precompiled unity dll's ...
Register platform support module: F:/Unity/2020.3.9f1/Editor/Data/PlaybackEngines/WindowsStandaloneSupport/UnityEditor.WindowsStandalone.Extensions.dll
Registered in 0.001556 seconds.
Native extension for WindowsStandalone target not found
Refreshing native plugins compatible for Editor in 35.04 ms, found 1 plugins.
Preloading 0 native plugins for Editor in 0.00 ms.
Mono: successfully reloaded assembly
- Completed reload, in  2.737 seconds
Platform modules already initialized, skipping
Registering precompiled user dll's ...
Registered in 0.002958 seconds.
Begin MonoManager ReloadAssembly
Native extension for WindowsStandalone target not found
Refreshing native plugins compatible for Editor in 35.66 ms, found 1 plugins.
Preloading 0 native plugins for Editor in 0.00 ms.
Mono: successfully reloaded assembly
- Completed reload, in  0.988 seconds
Platform modules already initialized, skipping
========================================================================
Worker process is ready to serve import requests
Launched and connected shader compiler UnityShaderCompiler.exe after 0.18 seconds
Refreshing native plugins compatible for Editor in 0.34 ms, found 1 plugins.
Preloading 0 native plugins for Editor in 0.00 ms.
Unloading 1835 Unused Serialized files (Serialized files now loaded: 0)
System memory in use before: 87.7 MB.
System memory in use after: 87.6 MB.

Unloading 26 unused Assets to reduce memory usage. Loaded Objects now: 2281.
Total: 2.033700 ms (FindLiveObjects: 0.182600 ms CreateObjectMapping: 0.060000 ms MarkObjects: 1.670300 ms  DeleteObjects: 0.120000 ms)

========================================================================
Received Import Request.
  path: Assets/001.Script/v
  artifactKey: Guid(cee97a8d7448c144f9102b152739fe86) Importer(815301076,1909f56bfc062723c751e8b465ee728b)
Start importing Assets/001.Script/v using Guid(cee97a8d7448c144f9102b152739fe86) Importer(815301076,1909f56bfc062723c751e8b465ee728b)  -> (artifact id: '131b5740780e397c5e07e14e7708e67e') in 0.005802 seconds
  Import took 0.009539 seconds .

========================================================================
Received Import Request.
  Time since last request: 4.932786 seconds.
  path: Assets/001.Script/Physics
  artifactKey: Guid(cee97a8d7448c144f9102b152739fe86) Importer(815301076,1909f56bfc062723c751e8b465ee728b)
Start importing Assets/001.Script/Physics using Guid(cee97a8d7448c144f9102b152739fe86) Importer(815301076,1909f56bfc062723c751e8b465ee728b)  -> (artifact id: '6373ad2e9e7f369cc30ece703eaf5205') in 0.004510 seconds
  Import took 0.008086 seconds .

========================================================================
Received Import Request.
  Time since last request: 8.705903 seconds.
  path: Assets/001.Script/Physics/PRS.cs
  artifactKey: Guid(ac9d3c2da2a378d4e81f5f60680ff3e1) Importer(815301076,1909f56bfc062723c751e8b465ee728b)
Start importing Assets/001.Script/Physics/PRS.cs using Guid(ac9d3c2da2a378d4e81f5f60680ff3e1) Importer(815301076,1909f56bfc062723c751e8b465ee728b)  -> (artifact id: 'c0aa8130abeeee5ed87b87be90e42fcd') in 0.063514 seconds
  Import took 0.067058 seconds .

========================================================================
Received Import Request.
  Time since last request: 0.463944 seconds.
  path: Assets/001.Script/Physics/PRS.cs
  artifactKey: Guid(ac9d3c2da2a378d4e81f5f60680ff3e1) Importer(815301076,1909f56bfc062723c751e8b465ee728b)
Start importing Assets/001.Script/Physics/PRS.cs using Guid(ac9d3c2da2a378d4e81f5f60680ff3e1) Importer(815301076,1909f56bfc062723c751e8b465ee728b)  -> (artifact id: 'c0aa8130abeeee5ed87b87be90e42fcd') in 0.004850 seconds
  Import took 0.008911 seconds .

========================================================================
Received Prepare
Registering precompiled user dll's ...
Registered in 0.003264 seconds.
Begin MonoManager ReloadAssembly
Native extension for WindowsStandalone target not found
Refreshing native plugins compatible for Editor in 0.35 ms, found 1 plugins.
Preloading 0 native plugins for Editor in 0.00 ms.
Mono: successfully reloaded assembly
- Completed reload, in  0.893 seconds
Platform modules already initialized, skipping
Switching build target platform(19) subTarget(0) extendedPlatform(0) -> platform(13) subTarget(537395200) extendedPlatform(0)
Refreshing native plugins compatible for Editor in 0.37 ms, found 1 plugins.
Preloading 0 native plugins for Editor in 0.00 ms.
Unloading 1821 Unused Serialized files (Serialized files now loaded: 0)
System memory in use before: 86.1 MB.
System memory in use after: 86.1 MB.

Unloading 14 unused Assets to reduce memory usage. Loaded Objects now: 2286.
Total: 2.302100 ms (FindLiveObjects: 0.277200 ms CreateObjectMapping: 0.074500 ms MarkObjects: 1.853100 ms  DeleteObjects: 0.096400 ms)

AssetImportParameters requested are different than current active one (requested -> active):
  custom:graphics/normal-map-encoding: 01000000000000000000000000000000 -> 02000000000000000000000000000000
AssetImportWorkerClient::OnTransportError - code=2 error=End of file
